IP Upgrade report for FD
Sun Aug 11 00:45:50 2019
Quartus Prime Version 18.0.0 Build 614 04/24/2018 SJ Standard Edition


---------------------
; Table of Contents ;
---------------------
  1. Legal Notice
  2. IP Upgrade Summary
  3. Successfully Upgraded IP Components
  4. IP Upgrade Messages



----------------
; Legal Notice ;
----------------
Copyright (C) 2018  Intel Corporation. All rights reserved.
Your use of Intel Corporation's design tools, logic functions 
and other software and tools, and its AMPP partner logic 
functions, and any output files from any of the foregoing 
(including device programming or simulation files), and any 
associated documentation or information are expressly subject 
to the terms and conditions of the Intel Program License 
Subscription Agreement, the Intel Quartus Prime License Agreement,
the Intel FPGA IP License Agreement, or other applicable license
agreement, including, without limitation, that your use is for
the sole purpose of programming logic devices manufactured by
Intel and sold by Intel or its authorized distributors.  Please
refer to the applicable agreement for further details.



+--------------------------------------------------------------------------------+
; IP Upgrade Summary                                                             ;
+------------------------------+-------------------------------------------------+
; IP Components Upgrade Status ; Passed - Sun Aug 11 00:45:50 2019               ;
; Quartus Prime Version        ; 18.0.0 Build 614 04/24/2018 SJ Standard Edition ;
; Revision Name                ; FD                                              ;
; Top-level Entity Name        ; FD                                              ;
; Family                       ; Cyclone V                                       ;
+------------------------------+-------------------------------------------------+


+------------------------------------------------------------------------------------------------------------------+
; Successfully Upgraded IP Components                                                                              ;
+-------------+----------------+---------+----------------------+----------------------+-----------------+---------+
; Entity Name ; Component Name ; Version ; Original Source File ; Generation File Path ; New Source File ; Message ;
+-------------+----------------+---------+----------------------+----------------------+-----------------+---------+
; sdiii       ; sdi_ii         ; 13.1    ; sdiii.qip            ; sdiii.vhd            ; sdiii.qip       ;         ;
; sdias       ; sdi_ii         ; 13.1    ; sdias.qip            ; sdias.vhd            ; sdias.qip       ;         ;
; fifa        ; FIFO           ; 13.1    ; fifa.qip             ; fifa.vhd             ; fifa.qip        ;         ;
; pll72       ; altera_pll     ; 13.1    ; pll72.qip            ; pll72.vhd            ; pll72.qip       ;         ;
+-------------+----------------+---------+----------------------+----------------------+-----------------+---------+


+---------------------+
; IP Upgrade Messages ;
+---------------------+
Info (11902): Backing up file "sdiii.vhd" to "sdiii.BAK.vhd"
Info (11837): Started upgrading IP component sdi_ii with file "sdiii.vhd"
Info (11902): Backing up file "sdias.vhd" to "sdias.BAK.vhd"
Info (11837): Started upgrading IP component sdi_ii with file "sdias.vhd"
Info (11902): Backing up file "fifa.vhd" to "fifa.BAK.vhd"
Info (11837): Started upgrading IP component FIFO with file "fifa.vhd"
Info (11902): Backing up file "pll72.vhd" to "pll72.BAK.vhd"
Info (11837): Started upgrading IP component altera_pll with file "pll72.vhd"
Info (11131): Completed upgrading IP component sdi_ii with file "sdiii.vhd"
Info (11131): Completed upgrading IP component sdi_ii with file "sdias.vhd"
Info (11131): Completed upgrading IP component FIFO with file "fifa.vhd"
Info (11131): Completed upgrading IP component altera_pll with file "pll72.vhd"
Info (23030): Evaluation of Tcl script k:/intelfpga/18.0/quartus/common/tcl/internal/ip_regen/ip_regen.tcl was successful
Info: Quartus Prime Shell was successful. 0 errors, 250 warnings
    Info: Peak virtual memory: 666 megabytes
    Info: Processing ended: Sun Aug 11 00:45:52 2019
    Info: Elapsed time: 00:13:24
    Info: Total CPU time (on all processors): 00:00:58


